root - INFO -    Unnamed: 0  CLIENTNUM     Attrition_Flag  Customer_Age Gender  ...  Total_Amt_Chng_Q4_Q1 Total_Trans_Amt Total_Trans_Ct Total_Ct_Chng_Q4_Q1 Avg_Utilization_Ratio
0           0  768805383  Existing Customer            45      M  ...                 1.335            1144             42               1.625                 0.061
1           1  818770008  Existing Customer            49      F  ...                 1.541            1291             33               3.714                 0.105
2           2  713982108  Existing Customer            51      M  ...                 2.594            1887             20               2.333                 0.000
3           3  769911858  Existing Customer            40      F  ...                 1.405            1171             20               2.333                 0.760
4           4  709106358  Existing Customer            40      M  ...                 2.175             816             28               2.500                 0.000

[5 rows x 22 columns]
root - INFO - (10127, 22)
root - INFO - Unnamed: 0                  0
CLIENTNUM                   0
Attrition_Flag              0
Customer_Age                0
Gender                      0
Dependent_count             0
Education_Level             0
Marital_Status              0
Income_Category             0
Card_Category               0
Months_on_book              0
Total_Relationship_Count    0
Months_Inactive_12_mon      0
Contacts_Count_12_mon       0
Credit_Limit                0
Total_Revolving_Bal         0
Avg_Open_To_Buy             0
Total_Amt_Chng_Q4_Q1        0
Total_Trans_Amt             0
Total_Trans_Ct              0
Total_Ct_Chng_Q4_Q1         0
Avg_Utilization_Ratio       0
dtype: int64
root - INFO -          Unnamed: 0     CLIENTNUM  Customer_Age  Dependent_count  ...  Total_Trans_Amt  Total_Trans_Ct  Total_Ct_Chng_Q4_Q1  Avg_Utilization_Ratio
count  10127.000000  1.012700e+04  10127.000000     10127.000000  ...     10127.000000    10127.000000         10127.000000           10127.000000
mean    5063.000000  7.391776e+08     46.325960         2.346203  ...      4404.086304       64.858695             0.712222               0.274894
std     2923.557422  3.690378e+07      8.016814         1.298908  ...      3397.129254       23.472570             0.238086               0.275691
min        0.000000  7.080821e+08     26.000000         0.000000  ...       510.000000       10.000000             0.000000               0.000000
25%     2531.500000  7.130368e+08     41.000000         1.000000  ...      2155.500000       45.000000             0.582000               0.023000
50%     5063.000000  7.179264e+08     46.000000         2.000000  ...      3899.000000       67.000000             0.702000               0.176000
75%     7594.500000  7.731435e+08     52.000000         3.000000  ...      4741.000000       81.000000             0.818000               0.503000
max    10126.000000  8.283431e+08     73.000000         5.000000  ...     18484.000000      139.000000             3.714000               0.999000

[8 rows x 16 columns]
